
examples: PANIC: Unexpected harmful signal (Segmentation violation) ...

examples: system execution failed.
Following is the set of recorded exceptions.
NB: The raised panic may have induced completely inconsistent information:

-------------------------------------------------------------------------------
Class / Object      Routine                Nature of exception           Effect
-------------------------------------------------------------------------------
STRING_8            append_character       :                            
<00000000028224F8>                         User-defined exception.       Fail
-------------------------------------------------------------------------------
STRING_8            append_character                                    
<00000000028224F8>                         Routine failure.              Rescue
-------------------------------------------------------------------------------
NONCE_GENERATOR     new_nonce @7                                        
<0000000002822448>                         Routine failure.              Fail
-------------------------------------------------------------------------------
TIMESTAMP_SERVICE_10
                    nonce @3               
<0000000002822388>                         Routine failure.              Fail
-------------------------------------------------------------------------------
OAUTH_10_SERVICE    set_oauth_params @2                                 
<0000000002820748>                         Routine failure.              Fail
-------------------------------------------------------------------------------
OAUTH_10_SERVICE    request_token @4                                    
<0000000002820748>                         Routine failure.              Fail
-------------------------------------------------------------------------------
TWITTER_10_API_EXAMPLE
                    make @6                
<00000000028205A8>                         Routine failure.              Fail
-------------------------------------------------------------------------------
TWITTER_10_API_EXAMPLE
                    root's creation        
<00000000028205A8>                         Routine failure.              Exit
-------------------------------------------------------------------------------
TWITTER_10_API_EXAMPLE
                    root's creation        Unhandled exception:
<00000000028205A8>                         External event.               Exit
-------------------------------------------------------------------------------
TWITTER_10_API_EXAMPLE
                    root's creation        
<00000000028205A8>                         Routine failure.              Exit
-------------------------------------------------------------------------------
TWITTER_10_API_EXAMPLE
                    root's creation        Unexpected harmful signal (Segmentation violation):
<00000000028205A8>                         Eiffel run-time panic.        Bye
-------------------------------------------------------------------------------
Catcall detected in {OAUTH_10_TWITTER_API}.authorization_url for arg#1: expected OAUTH_TOKEN but got Void

examples: system execution failed.
Following is the set of recorded exceptions:

-------------------------------------------------------------------------------
Class / Object      Routine                Nature of exception           Effect
-------------------------------------------------------------------------------
OAUTH_10_TWITTER_API
                    authorization_url @2   token:
<0000000002910728>                         Feature call on void target.  Fail
-------------------------------------------------------------------------------
OAUTH_10_TWITTER_API
                    authorization_url @2   
<0000000002910728>                         Routine failure.              Fail
-------------------------------------------------------------------------------
OAUTH_10_SERVICE    authorization_url @1                                
<0000000002910748>                         Routine failure.              Fail
-------------------------------------------------------------------------------
TWITTER_10_API_EXAMPLE
                    make @8                
<00000000029105A8>                         Routine failure.              Fail
-------------------------------------------------------------------------------
TWITTER_10_API_EXAMPLE
                    root's creation        
<00000000029105A8>                         Routine failure.              Exit
-------------------------------------------------------------------------------


examples: PANIC: caught signal #21 (Ctrl-Break) -- Giving up...
Catcall detected in {OAUTH_10_TWITTER_API}.authorization_url for arg#1: expected OAUTH_TOKEN but got Void
Catcall detected in {OAUTH_10_SSL_TWITTER_API}.authorization_url for arg#1: expected OAUTH_TOKEN but got Void
Catcall detected in {OAUTH_10_SSL_TWITTER_API}.authorization_url for arg#1: expected OAUTH_TOKEN but got Void
Catcall detected in {OAUTH_10_TWITTER_API}.authorization_url for arg#1: expected OAUTH_TOKEN but got Void
Catcall detected in {OAUTH_10_TWITTER_API}.authorization_url for arg#1: expected OAUTH_TOKEN but got Void

examples: PANIC: Unexpected harmful signal (Segmentation violation) ...

examples: system execution failed.
Following is the set of recorded exceptions.
NB: The raised panic may have induced completely inconsistent information:

-------------------------------------------------------------------------------
Class / Object      Routine                Nature of exception           Effect
-------------------------------------------------------------------------------
STRING_8            put_code @1            Interrupt:                   
<00000000029EE3C8>                         Operating system signal.      Fail
-------------------------------------------------------------------------------
STRING_8            put_code @9                                         
<00000000029EE3C8>                         Routine failure.              Fail
-------------------------------------------------------------------------------
STRING_8            set_count @8                                        
<00000000029EE678>                         Routine failure.              Fail
-------------------------------------------------------------------------------
OAUTH_10_SERVICE    append_signature @3                                 
<00000000029B0978>                         Routine failure.              Fail
-------------------------------------------------------------------------------
OAUTH_10_SERVICE    access_token_get @6                                 
<00000000029B0978>                         Routine failure.              Fail
-------------------------------------------------------------------------------
BITBUCKET_10_API_EXAMPLE
                    make @13               
<00000000029B05A8>                         Routine failure.              Fail
-------------------------------------------------------------------------------
BITBUCKET_10_API_EXAMPLE
                    root's creation        
<00000000029B05A8>                         Routine failure.              Exit
-------------------------------------------------------------------------------
BITBUCKET_10_API_EXAMPLE
                    root's creation        Unexpected harmful signal (Segmentation violation):
<00000000029B05A8>                         Eiffel run-time panic.        Bye
-------------------------------------------------------------------------------
